<component name="libraryTable">
  <library name="junit-4.12">
    <CLASSES>
      <root url="jar://$PROJECT_DIR$/lib/junit-4.12.jar!/" />
      <root url="jar://$PROJECT_DIR$/lib/junit-addons-1.4.jar!/" />
      <root url="jar://$PROJECT_DIR$/lib/mockito-all-1.9.5.jar!/" />
      <root url="jar://$PROJECT_DIR$/lib/people.jar!/" />
      <root url="jar://$PROJECT_DIR$/lib/persons.jar!/" />
    </CLASSES>
    <JAVADOC />
    <SOURCES>
      <root url="jar://$PROJECT_DIR$/lib/mockito-all-1.9.5.jar!/" />
    </SOURCES>
  </library>
</component>